<?xml version="1.0" encoding="UTF-8"?>
<!-- Generated by org.testng.reporters.JUnitReportReporter -->
<testsuite hostname="abdulAhads-MacBook-Pro.local" failures="0" tests="1" name="com.automation.testcases.Healink" time="49.994" errors="0" timestamp="2025-01-13T22:01:48 PKT" skipped="0">
  <testcase classname="com.automation.testcases.Healink" name="main" time="49.994"/>
</testsuite> <!-- com.automation.testcases.Healink -->
