<?xml version="1.0" encoding="UTF-8"?>
<!-- Generated by org.testng.reporters.JUnitReportReporter -->
<testsuite hostname="abdulAhads-MacBook-Pro.local" failures="0" tests="1" name="com.automation.testcases.LpUserSignupTest" time="36.765" errors="0" timestamp="2025-01-13T02:46:26 PKT" skipped="0">
  <testcase classname="com.automation.testcases.LpUserSignupTest" name="LpAccountCreation" time="36.765"/>
</testsuite> <!-- com.automation.testcases.LpUserSignupTest -->
