<?xml version="1.0" encoding="UTF-8"?>
<!-- Generated by org.testng.reporters.JUnitReportReporter -->
<testsuite hostname="Argon-Ahad-Macbook.local" failures="0" tests="1" name="com.automation.testcases.AddPayerTestCase" time="991.515" errors="0" timestamp="2025-01-01T12:07:00 PKT" skipped="0">
  <testcase classname="com.automation.testcases.AddPayerTestCase" name="testAddPayerForm" time="991.515"/>
</testsuite> <!-- com.automation.testcases.AddPayerTestCase -->
