<?xml version="1.0" encoding="UTF-8"?>
<!-- Generated by org.testng.reporters.JUnitReportReporter -->
<testsuite hostname="abdulAhads-MacBook-Pro.local" failures="0" tests="1" name="com.automation.testcases.LpUserSignupTest" time="42.992" errors="0" timestamp="2025-01-13T04:02:42 PKT" skipped="0">
  <testcase classname="com.automation.testcases.LpUserSignupTest" name="LpAccountCreation" time="42.992"/>
</testsuite> <!-- com.automation.testcases.LpUserSignupTest -->
